<?xml version="1.0" encoding="UTF-8"?>
<testng-results ignored="0" total="0" passed="0" failed="0" skipped="0">
  <reporter-output>
  </reporter-output>
  <suite started-at="2023-10-15T15:17:10 PDT" name="Smoke suite" finished-at="2023-10-15T15:17:10 PDT" duration-ms="13">
    <groups>
    </groups>
    <test started-at="2023-10-15T15:17:10 PDT" name="Training" finished-at="2023-10-15T15:17:10 PDT" duration-ms="13">
    </test> <!-- Training -->
  </suite> <!-- Smoke suite -->
</testng-results>
